<?xml version="1.0" encoding="UTF-8"?>
<coverage generated="1721945802592" clover="3.2.0">
  <project timestamp="1721945802592" name="All files">
    <metrics statements="8" coveredstatements="8" conditionals="14" coveredconditionals="12" methods="6" coveredmethods="6" elements="28" coveredelements="26" complexity="0" loc="8" ncloc="8" packages="1" files="2" classes="2"/>
    <file name="Button.styles.ts" path="C:\Users\rafae\Downloads\rsouzauiux\rsouzauiux\src\components\Button\Button.styles.ts">
      <metrics statements="6" coveredstatements="6" conditionals="14" coveredconditionals="12" methods="5" coveredmethods="5"/>
      <line num="13" count="1" type="stmt"/>
      <line num="14" count="5" type="cond" truecount="2" falsecount="0"/>
      <line num="15" count="5" type="cond" truecount="2" falsecount="0"/>
      <line num="16" count="5" type="cond" truecount="2" falsecount="0"/>
      <line num="17" count="5" type="cond" truecount="3" falsecount="1"/>
      <line num="23" count="5" type="cond" truecount="2" falsecount="0"/>
    </file>
    <file name="index.tsx" path="C:\Users\rafae\Downloads\rsouzauiux\rsouzauiux\src\components\Button\index.tsx">
      <metrics statements="2" coveredstatements="2" conditionals="0" coveredconditionals="0" methods="1" coveredmethods="1"/>
      <line num="6" count="1" type="stmt"/>
      <line num="7" count="5" type="stmt"/>
    </file>
  </project>
</coverage>
