{"C:\\Users\\rafae\\Downloads\\rsouzauiux\\rsouzauiux\\src\\components\\Button\\Button.styles.ts": {"path":"C:\\Users\\rafae\\Downloads\\rsouzauiux\\rsouzauiux\\src\\components\\Button\\Button.styles.ts","statementMap":{"0":{"start":{"line":13,"column":28},"end":{"line":28,"column":1}},"1":{"start":{"line":14,"column":41},"end":{"line":14,"column":61}},"2":{"start":{"line":15,"column":28},"end":{"line":15,"column":44}},"3":{"start":{"line":16,"column":43},"end":{"line":16,"column":64}},"4":{"start":{"line":17,"column":32},"end":{"line":17,"column":98}},"5":{"start":{"line":23,"column":6},"end":{"line":26,"column":8}}},"fnMap":{"0":{"name":"(anonymous_0)","decl":{"start":{"line":14,"column":24},"end":{"line":14,"column":25}},"loc":{"start":{"line":14,"column":41},"end":{"line":14,"column":61}},"line":14},"1":{"name":"(anonymous_1)","decl":{"start":{"line":15,"column":13},"end":{"line":15,"column":14}},"loc":{"start":{"line":15,"column":28},"end":{"line":15,"column":44}},"line":15},"2":{"name":"(anonymous_2)","decl":{"start":{"line":16,"column":21},"end":{"line":16,"column":22}},"loc":{"start":{"line":16,"column":43},"end":{"line":16,"column":64}},"line":16},"3":{"name":"(anonymous_3)","decl":{"start":{"line":17,"column":15},"end":{"line":17,"column":16}},"loc":{"start":{"line":17,"column":32},"end":{"line":17,"column":98}},"line":17},"4":{"name":"(anonymous_4)","decl":{"start":{"line":22,"column":6},"end":{"line":22,"column":7}},"loc":{"start":{"line":23,"column":6},"end":{"line":26,"column":8}},"line":23}},"branchMap":{"0":{"loc":{"start":{"line":14,"column":41},"end":{"line":14,"column":61}},"type":"binary-expr","locations":[{"start":{"line":14,"column":41},"end":{"line":14,"column":48}},{"start":{"line":14,"column":52},"end":{"line":14,"column":61}}],"line":14},"1":{"loc":{"start":{"line":15,"column":28},"end":{"line":15,"column":44}},"type":"binary-expr","locations":[{"start":{"line":15,"column":28},"end":{"line":15,"column":33}},{"start":{"line":15,"column":37},"end":{"line":15,"column":44}}],"line":15},"2":{"loc":{"start":{"line":16,"column":43},"end":{"line":16,"column":64}},"type":"binary-expr","locations":[{"start":{"line":16,"column":43},"end":{"line":16,"column":55}},{"start":{"line":16,"column":59},"end":{"line":16,"column":64}}],"line":16},"3":{"loc":{"start":{"line":17,"column":32},"end":{"line":17,"column":98}},"type":"binary-expr","locations":[{"start":{"line":17,"column":33},"end":{"line":17,"column":87}},{"start":{"line":17,"column":92},"end":{"line":17,"column":98}}],"line":17},"4":{"loc":{"start":{"line":17,"column":33},"end":{"line":17,"column":87}},"type":"cond-expr","locations":[{"start":{"line":17,"column":63},"end":{"line":17,"column":77}},{"start":{"line":17,"column":80},"end":{"line":17,"column":87}}],"line":17},"5":{"loc":{"start":{"line":23,"column":6},"end":{"line":26,"column":8}},"type":"binary-expr","locations":[{"start":{"line":23,"column":6},"end":{"line":23,"column":16}},{"start":{"line":24,"column":6},"end":{"line":26,"column":8}}],"line":23},"6":{"loc":{"start":{"line":25,"column":30},"end":{"line":25,"column":85}},"type":"cond-expr","locations":[{"start":{"line":25,"column":40},"end":{"line":25,"column":60}},{"start":{"line":25,"column":63},"end":{"line":25,"column":85}}],"line":25}},"s":{"0":1,"1":5,"2":5,"3":5,"4":5,"5":5},"f":{"0":5,"1":5,"2":5,"3":5,"4":5},"b":{"0":[5,2],"1":[5,4],"2":[5,4],"3":[5,4],"4":[0,5],"5":[5,1],"6":[1,0]},"_coverageSchema":"1a1c01bbd47fc00a2c39e90264f33305004495a9","hash":"a852608e1dfaf578040b6271d80c678f89adfa46"}
,"C:\\Users\\rafae\\Downloads\\rsouzauiux\\rsouzauiux\\src\\components\\Button\\index.tsx": {"path":"C:\\Users\\rafae\\Downloads\\rsouzauiux\\rsouzauiux\\src\\components\\Button\\index.tsx","statementMap":{"0":{"start":{"line":6,"column":38},"end":{"line":19,"column":1}},"1":{"start":{"line":7,"column":4},"end":{"line":18,"column":6}}},"fnMap":{"0":{"name":"(anonymous_0)","decl":{"start":{"line":6,"column":38},"end":{"line":6,"column":39}},"loc":{"start":{"line":6,"column":69},"end":{"line":19,"column":1}},"line":6}},"branchMap":{},"s":{"0":1,"1":5},"f":{"0":5},"b":{},"_coverageSchema":"1a1c01bbd47fc00a2c39e90264f33305004495a9","hash":"31e348764cdeb51376693cdf38f95b8d911f078b"}
}
