TN:
SF:src\components\Button\Button.styles.ts
FN:14,(anonymous_0)
FN:15,(anonymous_1)
FN:16,(anonymous_2)
FN:17,(anonymous_3)
FN:22,(anonymous_4)
FNF:5
FNH:5
FNDA:5,(anonymous_0)
FNDA:5,(anonymous_1)
FNDA:5,(anonymous_2)
FNDA:5,(anonymous_3)
FNDA:5,(anonymous_4)
DA:13,1
DA:14,5
DA:15,5
DA:16,5
DA:17,5
DA:23,5
LF:6
LH:6
BRDA:14,0,0,5
BRDA:14,0,1,2
BRDA:15,1,0,5
BRDA:15,1,1,4
BRDA:16,2,0,5
BRDA:16,2,1,4
BRDA:17,3,0,5
BRDA:17,3,1,4
BRDA:17,4,0,0
BRDA:17,4,1,5
BRDA:23,5,0,5
BRDA:23,5,1,1
BRDA:25,6,0,1
BRDA:25,6,1,0
BRF:14
BRH:12
end_of_record
TN:
SF:src\components\Button\index.tsx
FN:6,(anonymous_0)
FNF:1
FNH:1
FNDA:5,(anonymous_0)
DA:6,1
DA:7,5
LF:2
LH:2
BRF:0
BRH:0
end_of_record
